[0m[[0mdebug[0m] [0mRunning TaskDef(FunctionCallSpec, org.scalatest.tools.Framework$$anon$1@75c48957, false, [SuiteSelector])[0m
[0m[[0minfo[0m] [0m[36mRun completed in 1 second, 103 milliseconds.[0m[0m
[0m[[0minfo[0m] [0m[36mTotal number of tests run: 5[0m[0m
[0m[[0minfo[0m] [0m[36mSuites: completed 1, aborted 0[0m[0m
[0m[[0minfo[0m] [0m[36mTests: succeeded 1, failed 4, canceled 0, ignored 0, pending 0[0m[0m
[0m[[0minfo[0m] [0m[31m*** 4 TESTS FAILED ***[0m[0m
[0m[[31merror[0m] [0mFailed tests:[0m
[0m[[31merror[0m] [0m	FunctionCallSpec[0m
[0m[[31merror[0m] [0m(lab3/test:[31mtest[0m) sbt.TestsFailedException: Tests unsuccessful[0m
